<?xml version="1.0" encoding="UTF-8"?>
<testsuite xmlns:xsi="http://www.w3.org/2001/XMLSchema-instance" xsi:noNamespaceSchemaLocation="https://maven.apache.org/surefire/maven-surefire-plugin/xsd/surefire-test-report-3.0.xsd" version="3.0" name="com.mastery.java8.practice.day3.Day3_PracticeLabTest" time="0.049" tests="3" errors="0" skipped="0" failures="0">
  <properties>
[...]
</properties>
  <testcase name="testMapOfIdToHighestSalaryEmployee" classname="com.mastery.java8.practice.day3.Day3_PracticeLabTest" time="0.015"/>
  <testcase name="testAverageSalaryByDepartment" classname="com.mastery.java8.practice.day3.Day3_PracticeLabTest" time="0.018"/>
  <testcase name="testPartitionBySalaryThreshold" classname="com.mastery.java8.practice.day3.Day3_PracticeLabTest" time="0.005"/>
</testsuite>